2024-10-23 06:55:20,088 - Loggerinformation -INFO - Collection log information
2024-10-23 06:55:27,121 - Loggerinformation -INFO - Clicking  on next button
2024-10-23 06:55:29,342 - Loggerinformation -INFO - entering  pincode
2024-10-23 06:55:29,588 - Loggerinformation -INFO - entering  mobileno
2024-10-23 06:55:29,723 - Loggerinformation -INFO - Clicking on   continue button
2024-10-23 20:36:31,777 - Loggerinformation -INFO - Collection log information
2024-10-23 20:36:38,578 - Loggerinformation -INFO - Clicking  on next button
2024-10-23 20:36:40,791 - Loggerinformation -WARN - Please enter valid mno
2024-10-23 20:36:40,970 - Loggerinformation -INFO - entering  mobileno
2024-10-23 20:36:41,118 - Loggerinformation -INFO - Clicking on   continue button
2024-10-23 20:36:47,464 - Loggerinformation -WARN - Closing your browser in a sec and it's closed
2024-10-23 20:53:54,265 - Loggerinformation -INFO - Collection log information
2024-10-23 20:54:00,976 - Loggerinformation -INFO - Clicking  on next button
2024-10-23 20:54:03,188 - Loggerinformation -WARN - Please enter valid mno
2024-10-23 20:54:03,379 - Loggerinformation -INFO - entering  mobileno
2024-10-23 20:54:03,523 - Loggerinformation -INFO - Clicking on   continue button
2024-10-23 20:54:08,081 - Loggerinformation -WARN - Closing your browser in a sec and it's closed
2024-10-23 20:58:17,822 - Loggerinformation -INFO - Collection log information
2024-10-23 20:58:24,631 - Loggerinformation -INFO - Clicking  on next button
2024-10-23 20:58:26,920 - Loggerinformation -WARN - Please enter valid mno
2024-10-23 20:58:27,184 - Loggerinformation -INFO - entering  mobileno
2024-10-23 20:58:27,370 - Loggerinformation -INFO - Clicking on   continue button
2024-10-23 20:58:32,119 - Loggerinformation -WARN - Closing your browser in a sec and it's closed
2024-10-25 21:10:37,844 - Loggerinformation -INFO - Collection log information
2024-10-25 21:10:45,215 - Loggerinformation -INFO - Clicking  on next button
2024-10-25 21:10:47,259 - Loggerinformation -WARN - Please enter valid mno
2024-10-25 21:10:47,557 - Loggerinformation -INFO - entering  mobileno
2024-10-25 21:10:47,719 - Loggerinformation -INFO - Clicking on   continue button
2024-10-25 21:10:49,935 - Loggerinformation -WARN - Closing your browser in a sec and it's closed
2024-10-25 21:12:56,497 - Loggerinformation -INFO - Collection log information
2024-10-25 21:13:03,294 - Loggerinformation -INFO - Clicking  on next button
2024-10-25 21:13:05,322 - Loggerinformation -WARN - Please enter valid mno
2024-10-25 21:13:05,548 - Loggerinformation -INFO - entering  mobileno
2024-10-25 21:13:05,658 - Loggerinformation -INFO - Clicking on   continue button
2024-10-25 21:13:06,101 - Loggerinformation -WARN - Closing your browser in a sec and it's closed
2024-10-25 21:15:26,524 - Loggerinformation -INFO - Collection log information
2024-10-25 21:15:33,181 - Loggerinformation -INFO - Clicking  on next button
2024-10-25 21:15:35,218 - Loggerinformation -WARN - Please enter valid mno
2024-10-25 21:15:35,460 - Loggerinformation -INFO - entering  mobileno
2024-10-25 21:15:35,564 - Loggerinformation -INFO - Clicking on   continue button
2024-10-25 21:15:36,024 - Loggerinformation -WARN - Closing your browser in a sec and it's closed
2024-10-25 21:16:33,370 - Loggerinformation -INFO - Collection log information
2024-10-25 21:16:39,957 - Loggerinformation -INFO - Clicking  on next button
2024-10-25 21:16:42,376 - Loggerinformation -INFO - Clicking on   continue button
2024-10-25 21:16:42,818 - Loggerinformation -WARN - Closing your browser in a sec and it's closed
2024-10-25 21:16:46,961 - Loggerinformation -INFO - Collection log information
2024-10-25 21:16:52,606 - Loggerinformation -INFO - Clicking  on next button
2024-10-25 21:16:54,621 - Loggerinformation -WARN - Please enter valid mno
2024-10-25 21:16:54,949 - Loggerinformation -INFO - entering  mobileno
2024-10-25 21:16:55,110 - Loggerinformation -INFO - Clicking on   continue button
2024-10-25 21:16:55,564 - Loggerinformation -WARN - Closing your browser in a sec and it's closed
2024-10-25 21:19:59,190 - Loggerinformation -INFO - Collection log information
2024-10-25 21:20:05,930 - Loggerinformation -INFO - Clicking  on next button
2024-10-25 21:20:07,962 - Loggerinformation -WARN - Please enter valid mno
2024-10-25 21:20:08,181 - Loggerinformation -INFO - entering  mobileno
2024-10-25 21:20:08,285 - Loggerinformation -INFO - Clicking on   continue button
2024-10-25 21:20:10,286 - Loggerinformation -WARN - Closing your browser in a sec and it's closed
2024-10-25 21:22:16,497 - Loggerinformation -INFO - Collection log information
2024-10-25 21:22:23,362 - Loggerinformation -INFO - Clicking  on next button
2024-10-25 21:22:25,392 - Loggerinformation -WARN - Please enter valid mno
2024-10-25 21:22:25,629 - Loggerinformation -INFO - entering  mobileno
2024-10-25 21:22:25,732 - Loggerinformation -INFO - Clicking on   continue button
2024-10-25 21:22:26,177 - Loggerinformation -WARN - Closing your browser in a sec and it's closed
2024-10-25 21:30:02,844 - Loggerinformation -INFO - Collection log information
2024-10-25 21:30:09,454 - Loggerinformation -INFO - Clicking  on next button
2024-10-25 21:30:11,481 - Loggerinformation -WARN - Please enter valid mno
2024-10-25 21:30:11,776 - Loggerinformation -INFO - entering  mobileno
2024-10-25 21:30:11,902 - Loggerinformation -INFO - Clicking on   continue button
2024-10-25 21:30:12,500 - Loggerinformation -WARN - Closing your browser in a sec and it's closed
2024-10-25 21:31:03,156 - Loggerinformation -INFO - Collection log information
2024-10-25 21:31:10,224 - Loggerinformation -INFO - Clicking  on next button
2024-10-25 21:31:12,244 - Loggerinformation -WARN - Please enter valid mno
2024-10-25 21:31:12,550 - Loggerinformation -INFO - entering  mobileno
2024-10-25 21:31:12,716 - Loggerinformation -INFO - Clicking on   continue button
2024-10-25 21:31:13,312 - Loggerinformation -WARN - Closing your browser in a sec and it's closed
2024-10-25 21:33:11,503 - Loggerinformation -INFO - Collection log information
2024-10-25 21:33:18,326 - Loggerinformation -INFO - Clicking  on next button
2024-10-25 21:33:20,362 - Loggerinformation -WARN - Please enter valid mno
2024-10-25 21:33:20,628 - Loggerinformation -INFO - entering  mobileno
2024-10-25 21:33:20,767 - Loggerinformation -INFO - Clicking on   continue button
2024-10-25 21:33:21,239 - Loggerinformation -WARN - Closing your browser in a sec and it's closed
2024-10-26 20:40:55,551 - Loggerinformation -INFO - Collection log information
2024-10-26 20:41:02,546 - Loggerinformation -INFO - Clicking  on next button
2024-10-26 20:41:04,758 - Loggerinformation -WARN - Please enter valid mno
2024-10-26 20:41:04,956 - Loggerinformation -INFO - entering  mobileno
2024-10-26 20:41:05,079 - Loggerinformation -INFO - Clicking on   continue button
2024-10-26 20:41:09,563 - Loggerinformation -WARN - Closing your browser in a sec and it's closed
2024-10-26 20:41:13,547 - Loggerinformation -INFO - Collection log information
2024-10-26 20:41:19,130 - Loggerinformation -INFO - Clicking  on next button
2024-10-26 20:41:21,147 - Loggerinformation -WARN - Please enter valid mno
2024-10-26 20:41:21,413 - Loggerinformation -INFO - entering  mobileno
2024-10-26 20:41:21,578 - Loggerinformation -INFO - Clicking on   continue button
2024-10-26 20:41:22,218 - Loggerinformation -WARN - Closing your browser in a sec and it's closed
2024-10-26 20:46:07,833 - Loggerinformation -INFO - Collection log information
2024-10-26 20:46:14,347 - Loggerinformation -INFO - Clicking  on next button
2024-10-26 20:46:16,562 - Loggerinformation -WARN - Please enter valid mno
2024-10-26 20:46:16,748 - Loggerinformation -INFO - entering  mobileno
2024-10-26 20:46:16,863 - Loggerinformation -INFO - Clicking on   continue button
2024-10-26 20:46:21,389 - Loggerinformation -WARN - Closing your browser in a sec and it's closed
2024-10-26 20:46:25,425 - Loggerinformation -INFO - Collection log information
2024-10-26 20:46:31,018 - Loggerinformation -INFO - Clicking  on next button
2024-10-26 20:46:33,389 - Loggerinformation -INFO - Clicking on   continue button
2024-10-26 20:46:33,972 - Loggerinformation -WARN - Closing your browser in a sec and it's closed
2024-10-26 20:46:37,734 - Loggerinformation -INFO - Collection log information
2024-10-26 20:46:43,163 - Loggerinformation -INFO - Clicking  on next button
2024-10-26 20:46:45,173 - Loggerinformation -WARN - Please enter valid mno
2024-10-26 20:46:45,469 - Loggerinformation -INFO - entering  mobileno
2024-10-26 20:46:45,755 - Loggerinformation -INFO - Clicking on   continue button
2024-10-26 20:46:46,552 - Loggerinformation -WARN - Closing your browser in a sec and it's closed
