2024-10-23 06:55:20,088 [main] INFO Loggerinformation - Collection log information
2024-10-23 06:55:27,121 [main] INFO Loggerinformation - Clicking  on next button
2024-10-23 06:55:29,342 [main] INFO Loggerinformation - entering  pincode
2024-10-23 06:55:29,588 [main] INFO Loggerinformation - entering  mobileno
2024-10-23 06:55:29,723 [main] INFO Loggerinformation - Clicking on   continue button
2024-10-23 20:36:31,777 [main] INFO Loggerinformation - Collection log information
2024-10-23 20:36:38,578 [main] INFO Loggerinformation - Clicking  on next button
2024-10-23 20:36:40,791 [main] WARN Loggerinformation - Please enter valid mno
2024-10-23 20:36:40,970 [main] INFO Loggerinformation - entering  mobileno
2024-10-23 20:36:41,118 [main] INFO Loggerinformation - Clicking on   continue button
2024-10-23 20:36:47,464 [main] WARN Loggerinformation - Closing your browser in a sec and it's closed
2024-10-23 20:53:54,265 [main] INFO Loggerinformation - Collection log information
2024-10-23 20:54:00,976 [main] INFO Loggerinformation - Clicking  on next button
2024-10-23 20:54:03,188 [main] WARN Loggerinformation - Please enter valid mno
2024-10-23 20:54:03,379 [main] INFO Loggerinformation - entering  mobileno
2024-10-23 20:54:03,523 [main] INFO Loggerinformation - Clicking on   continue button
2024-10-23 20:54:08,081 [main] WARN Loggerinformation - Closing your browser in a sec and it's closed
2024-10-23 20:58:17,822 [main] INFO Loggerinformation - Collection log information
2024-10-23 20:58:24,631 [main] INFO Loggerinformation - Clicking  on next button
2024-10-23 20:58:26,920 [main] WARN Loggerinformation - Please enter valid mno
2024-10-23 20:58:27,184 [main] INFO Loggerinformation - entering  mobileno
2024-10-23 20:58:27,370 [main] INFO Loggerinformation - Clicking on   continue button
2024-10-23 20:58:32,119 [main] WARN Loggerinformation - Closing your browser in a sec and it's closed
2024-10-25 21:10:37,844 [main] INFO Loggerinformation - Collection log information
2024-10-25 21:10:45,215 [main] INFO Loggerinformation - Clicking  on next button
2024-10-25 21:10:47,259 [main] WARN Loggerinformation - Please enter valid mno
2024-10-25 21:10:47,557 [main] INFO Loggerinformation - entering  mobileno
2024-10-25 21:10:47,719 [main] INFO Loggerinformation - Clicking on   continue button
2024-10-25 21:10:49,935 [main] WARN Loggerinformation - Closing your browser in a sec and it's closed
2024-10-25 21:12:56,497 [main] INFO Loggerinformation - Collection log information
2024-10-25 21:13:03,294 [main] INFO Loggerinformation - Clicking  on next button
2024-10-25 21:13:05,322 [main] WARN Loggerinformation - Please enter valid mno
2024-10-25 21:13:05,548 [main] INFO Loggerinformation - entering  mobileno
2024-10-25 21:13:05,658 [main] INFO Loggerinformation - Clicking on   continue button
2024-10-25 21:13:06,101 [main] WARN Loggerinformation - Closing your browser in a sec and it's closed
2024-10-25 21:15:26,524 [main] INFO Loggerinformation - Collection log information
2024-10-25 21:15:33,181 [main] INFO Loggerinformation - Clicking  on next button
2024-10-25 21:15:35,218 [main] WARN Loggerinformation - Please enter valid mno
2024-10-25 21:15:35,460 [main] INFO Loggerinformation - entering  mobileno
2024-10-25 21:15:35,564 [main] INFO Loggerinformation - Clicking on   continue button
2024-10-25 21:15:36,024 [main] WARN Loggerinformation - Closing your browser in a sec and it's closed
2024-10-25 21:16:33,370 [main] INFO Loggerinformation - Collection log information
2024-10-25 21:16:39,957 [main] INFO Loggerinformation - Clicking  on next button
2024-10-25 21:16:42,376 [main] INFO Loggerinformation - Clicking on   continue button
2024-10-25 21:16:42,818 [main] WARN Loggerinformation - Closing your browser in a sec and it's closed
2024-10-25 21:16:46,961 [main] INFO Loggerinformation - Collection log information
2024-10-25 21:16:52,606 [main] INFO Loggerinformation - Clicking  on next button
2024-10-25 21:16:54,621 [main] WARN Loggerinformation - Please enter valid mno
2024-10-25 21:16:54,949 [main] INFO Loggerinformation - entering  mobileno
2024-10-25 21:16:55,110 [main] INFO Loggerinformation - Clicking on   continue button
2024-10-25 21:16:55,564 [main] WARN Loggerinformation - Closing your browser in a sec and it's closed
2024-10-25 21:19:59,190 [main] INFO Loggerinformation - Collection log information
2024-10-25 21:20:05,930 [main] INFO Loggerinformation - Clicking  on next button
2024-10-25 21:20:07,962 [main] WARN Loggerinformation - Please enter valid mno
2024-10-25 21:20:08,181 [main] INFO Loggerinformation - entering  mobileno
2024-10-25 21:20:08,285 [main] INFO Loggerinformation - Clicking on   continue button
2024-10-25 21:20:10,286 [main] WARN Loggerinformation - Closing your browser in a sec and it's closed
2024-10-25 21:22:16,497 [main] INFO Loggerinformation - Collection log information
2024-10-25 21:22:23,362 [main] INFO Loggerinformation - Clicking  on next button
2024-10-25 21:22:25,392 [main] WARN Loggerinformation - Please enter valid mno
2024-10-25 21:22:25,629 [main] INFO Loggerinformation - entering  mobileno
2024-10-25 21:22:25,732 [main] INFO Loggerinformation - Clicking on   continue button
2024-10-25 21:22:26,177 [main] WARN Loggerinformation - Closing your browser in a sec and it's closed
2024-10-25 21:30:02,844 [main] INFO Loggerinformation - Collection log information
2024-10-25 21:30:09,454 [main] INFO Loggerinformation - Clicking  on next button
2024-10-25 21:30:11,481 [main] WARN Loggerinformation - Please enter valid mno
2024-10-25 21:30:11,776 [main] INFO Loggerinformation - entering  mobileno
2024-10-25 21:30:11,902 [main] INFO Loggerinformation - Clicking on   continue button
2024-10-25 21:30:12,500 [main] WARN Loggerinformation - Closing your browser in a sec and it's closed
2024-10-25 21:31:03,156 [main] INFO Loggerinformation - Collection log information
2024-10-25 21:31:10,224 [main] INFO Loggerinformation - Clicking  on next button
2024-10-25 21:31:12,244 [main] WARN Loggerinformation - Please enter valid mno
2024-10-25 21:31:12,550 [main] INFO Loggerinformation - entering  mobileno
2024-10-25 21:31:12,716 [main] INFO Loggerinformation - Clicking on   continue button
2024-10-25 21:31:13,312 [main] WARN Loggerinformation - Closing your browser in a sec and it's closed
2024-10-25 21:33:11,503 [main] INFO Loggerinformation - Collection log information
2024-10-25 21:33:18,326 [main] INFO Loggerinformation - Clicking  on next button
2024-10-25 21:33:20,362 [main] WARN Loggerinformation - Please enter valid mno
2024-10-25 21:33:20,628 [main] INFO Loggerinformation - entering  mobileno
2024-10-25 21:33:20,767 [main] INFO Loggerinformation - Clicking on   continue button
2024-10-25 21:33:21,239 [main] WARN Loggerinformation - Closing your browser in a sec and it's closed
2024-10-26 20:40:55,551 [main] INFO Loggerinformation - Collection log information
2024-10-26 20:41:02,546 [main] INFO Loggerinformation - Clicking  on next button
2024-10-26 20:41:04,758 [main] WARN Loggerinformation - Please enter valid mno
2024-10-26 20:41:04,956 [main] INFO Loggerinformation - entering  mobileno
2024-10-26 20:41:05,079 [main] INFO Loggerinformation - Clicking on   continue button
2024-10-26 20:41:09,563 [main] WARN Loggerinformation - Closing your browser in a sec and it's closed
2024-10-26 20:41:13,547 [main] INFO Loggerinformation - Collection log information
2024-10-26 20:41:19,130 [main] INFO Loggerinformation - Clicking  on next button
2024-10-26 20:41:21,147 [main] WARN Loggerinformation - Please enter valid mno
2024-10-26 20:41:21,413 [main] INFO Loggerinformation - entering  mobileno
2024-10-26 20:41:21,578 [main] INFO Loggerinformation - Clicking on   continue button
2024-10-26 20:41:22,218 [main] WARN Loggerinformation - Closing your browser in a sec and it's closed
2024-10-26 20:46:07,833 [main] INFO Loggerinformation - Collection log information
2024-10-26 20:46:14,347 [main] INFO Loggerinformation - Clicking  on next button
2024-10-26 20:46:16,562 [main] WARN Loggerinformation - Please enter valid mno
2024-10-26 20:46:16,748 [main] INFO Loggerinformation - entering  mobileno
2024-10-26 20:46:16,863 [main] INFO Loggerinformation - Clicking on   continue button
2024-10-26 20:46:21,389 [main] WARN Loggerinformation - Closing your browser in a sec and it's closed
2024-10-26 20:46:25,425 [main] INFO Loggerinformation - Collection log information
2024-10-26 20:46:31,018 [main] INFO Loggerinformation - Clicking  on next button
2024-10-26 20:46:33,389 [main] INFO Loggerinformation - Clicking on   continue button
2024-10-26 20:46:33,972 [main] WARN Loggerinformation - Closing your browser in a sec and it's closed
2024-10-26 20:46:37,734 [main] INFO Loggerinformation - Collection log information
2024-10-26 20:46:43,163 [main] INFO Loggerinformation - Clicking  on next button
2024-10-26 20:46:45,173 [main] WARN Loggerinformation - Please enter valid mno
2024-10-26 20:46:45,469 [main] INFO Loggerinformation - entering  mobileno
2024-10-26 20:46:45,755 [main] INFO Loggerinformation - Clicking on   continue button
2024-10-26 20:46:46,552 [main] WARN Loggerinformation - Closing your browser in a sec and it's closed
